2022-12-29 13:26:18:page-loader-error:114:18 ERROR Directory now exists!
2022-12-29 13:26:56:page-loader-error:119:18 ERROR Directory now exists!
2022-12-29 13:27:20:page-loader-error:124:18 ERROR Directory now exists!
2022-12-29 13:34:32:page-loader-error:154:23 ERROR Content not found
2022-12-29 13:34:32:page-loader-error:154:23 ERROR Content not found
2022-12-29 13:34:32:page-loader-error:154:23 ERROR Content not found
2022-12-29 13:34:32:page-loader-error:154:23 ERROR Content not found
2022-12-29 13:34:32:page-loader-error:154:23 ERROR Content not found
2022-12-29 13:34:32:page-loader-error:154:23 ERROR Content not found
2022-12-29 13:34:32:page-loader-error:154:23 ERROR Content not found
2022-12-29 13:35:10:page-loader-error:159:23 ERROR Content not found
2022-12-29 13:35:10:page-loader-error:159:23 ERROR Content not found
2022-12-29 13:35:10:page-loader-error:159:23 ERROR Content not found
2022-12-29 13:35:10:page-loader-error:159:23 ERROR Content not found
2022-12-29 13:35:10:page-loader-error:159:23 ERROR Content not found
2022-12-29 13:35:10:page-loader-error:159:23 ERROR Content not found
2022-12-29 13:35:10:page-loader-error:159:23 ERROR Content not found
2023-01-02 16:50:26:page-loader-error:281:28 ERROR Content wasn't downloaded as it's on a different host
2023-01-02 16:50:26:page-loader-error:281:28 ERROR Content wasn't downloaded as it's on a different host
2023-01-02 16:50:26:page-loader-error:281:28 ERROR Content wasn't downloaded as it's on a different host
2023-01-02 16:50:26:page-loader-error:281:28 ERROR Content wasn't downloaded as it's on a different host
2023-01-02 16:50:26:page-loader-error:281:22 ERROR Content not found
2023-01-02 16:50:26:page-loader-error:281:22 ERROR Content not found
2023-01-02 16:50:26:page-loader-error:281:22 ERROR Content not found
2023-01-02 16:50:26:page-loader-error:281:22 ERROR Content not found
2023-01-02 16:50:26:page-loader-error:281:22 ERROR Content not found
2023-01-02 16:50:26:page-loader-error:281:22 ERROR Content not found
2023-01-02 16:50:26:page-loader-error:281:22 ERROR Content not found
2023-01-02 16:50:26:page-loader-error:281:28 ERROR Content wasn't downloaded as it's on a different host
2023-01-02 16:50:26:page-loader-error:281:28 ERROR Content wasn't downloaded as it's on a different host
2023-01-02 16:50:26:page-loader-error:281:28 ERROR Content wasn't downloaded as it's on a different host
2023-01-02 16:50:26:page-loader-error:281:28 ERROR Content wasn't downloaded as it's on a different host
2023-01-02 16:50:26:page-loader-error:281:28 ERROR Content wasn't downloaded as it's on a different host
2023-01-02 16:50:46:page-loader-error:286:28 ERROR Content wasn't downloaded as it's on a different host
2023-01-02 16:50:46:page-loader-error:286:28 ERROR Content wasn't downloaded as it's on a different host
2023-01-02 16:50:46:page-loader-error:286:28 ERROR Content wasn't downloaded as it's on a different host
2023-01-02 16:50:46:page-loader-error:286:28 ERROR Content wasn't downloaded as it's on a different host
2023-01-02 16:50:46:page-loader-error:286:22 ERROR Content not found
2023-01-02 16:50:46:page-loader-error:286:22 ERROR Content not found
2023-01-02 16:50:46:page-loader-error:286:22 ERROR Content not found
2023-01-02 16:50:46:page-loader-error:286:22 ERROR Content not found
2023-01-02 16:50:46:page-loader-error:286:22 ERROR Content not found
2023-01-02 16:50:46:page-loader-error:286:22 ERROR Content not found
2023-01-02 16:50:46:page-loader-error:286:22 ERROR Content not found
2023-01-02 16:50:46:page-loader-error:286:28 ERROR Content wasn't downloaded as it's on a different host
2023-01-02 16:50:46:page-loader-error:286:28 ERROR Content wasn't downloaded as it's on a different host
2023-01-02 16:50:46:page-loader-error:286:28 ERROR Content wasn't downloaded as it's on a different host
2023-01-02 16:50:46:page-loader-error:286:28 ERROR Content wasn't downloaded as it's on a different host
2023-01-02 16:50:46:page-loader-error:286:28 ERROR Content wasn't downloaded as it's on a different host
2023-01-02 16:50:46:page-loader-error:286:31 ERROR [Errno 2] No such file or directory: '/mnt/c/Users/verav/git/ru-hexlet-io-courses.html'
2023-01-02 16:51:54:page-loader-error:291:14 ERROR 404 Client Error: Not Found for url: https://ru.hexlet.io/course
2023-01-02 16:51:54:page-loader-error:291:28 ERROR Content wasn't downloaded as it's on a different host
2023-01-02 16:52:18:page-loader-error:301:14 ERROR 404 Client Error: Not Found for url: https://ru.hexlet.io/course
2023-01-02 16:52:18:page-loader-error:301:28 ERROR Content wasn't downloaded as it's on a different host
2023-01-02 17:00:26:page-loader-error:331:14 ERROR 404 Client Error: Not Found for url: https://ru.hexlet.io/course
2023-01-02 17:00:40:page-loader-error:336:28 ERROR Content wasn't downloaded as it's on a different host
2023-01-02 17:00:40:page-loader-error:336:28 ERROR Content wasn't downloaded as it's on a different host
2023-01-02 17:00:40:page-loader-error:336:28 ERROR Content wasn't downloaded as it's on a different host
2023-01-02 17:00:40:page-loader-error:336:28 ERROR Content wasn't downloaded as it's on a different host
2023-01-02 17:00:40:page-loader-error:336:22 ERROR Content not found
2023-01-02 17:00:40:page-loader-error:336:22 ERROR Content not found
2023-01-02 17:00:40:page-loader-error:336:22 ERROR Content not found
2023-01-02 17:00:40:page-loader-error:336:22 ERROR Content not found
2023-01-02 17:00:40:page-loader-error:336:22 ERROR Content not found
2023-01-02 17:00:40:page-loader-error:336:22 ERROR Content not found
2023-01-02 17:00:40:page-loader-error:336:22 ERROR Content not found
2023-01-02 17:00:40:page-loader-error:336:28 ERROR Content wasn't downloaded as it's on a different host
2023-01-02 17:00:40:page-loader-error:336:28 ERROR Content wasn't downloaded as it's on a different host
2023-01-02 17:00:40:page-loader-error:336:28 ERROR Content wasn't downloaded as it's on a different host
2023-01-02 17:00:40:page-loader-error:336:28 ERROR Content wasn't downloaded as it's on a different host
2023-01-02 17:00:40:page-loader-error:336:28 ERROR Content wasn't downloaded as it's on a different host
2023-01-02 17:00:55:page-loader-error:341:28 ERROR Content wasn't downloaded as it's on a different host
2023-01-02 17:00:55:page-loader-error:341:28 ERROR Content wasn't downloaded as it's on a different host
2023-01-02 17:00:55:page-loader-error:341:28 ERROR Content wasn't downloaded as it's on a different host
2023-01-02 17:00:55:page-loader-error:341:28 ERROR Content wasn't downloaded as it's on a different host
2023-01-02 17:00:55:page-loader-error:341:22 ERROR Content not found
2023-01-02 17:00:55:page-loader-error:341:22 ERROR Content not found
2023-01-02 17:00:55:page-loader-error:341:22 ERROR Content not found
2023-01-02 17:00:55:page-loader-error:341:22 ERROR Content not found
2023-01-02 17:00:55:page-loader-error:341:22 ERROR Content not found
2023-01-02 17:00:55:page-loader-error:341:22 ERROR Content not found
2023-01-02 17:00:55:page-loader-error:341:22 ERROR Content not found
2023-01-02 17:00:55:page-loader-error:341:28 ERROR Content wasn't downloaded as it's on a different host
2023-01-02 17:00:55:page-loader-error:341:28 ERROR Content wasn't downloaded as it's on a different host
2023-01-02 17:00:55:page-loader-error:341:28 ERROR Content wasn't downloaded as it's on a different host
2023-01-02 17:00:55:page-loader-error:341:28 ERROR Content wasn't downloaded as it's on a different host
2023-01-02 17:00:55:page-loader-error:341:28 ERROR Content wasn't downloaded as it's on a different host
2023-01-02 17:00:55:page-loader-error:341:33 ERROR [Errno 2] No such file or directory: '/mnt/c/Users/verav/git/ru-hexlet-io-courses.html'
2023-01-02 17:12:45:page-loader-error:371:28 ERROR Content wasn't downloaded as it's on a different host
2023-01-02 17:12:45:page-loader-error:371:28 ERROR Content wasn't downloaded as it's on a different host
2023-01-02 17:12:45:page-loader-error:371:28 ERROR Content wasn't downloaded as it's on a different host
2023-01-02 17:12:45:page-loader-error:371:28 ERROR Content wasn't downloaded as it's on a different host
2023-01-02 17:12:45:page-loader-error:371:22 ERROR Content not found
2023-01-02 17:12:45:page-loader-error:371:22 ERROR Content not found
2023-01-02 17:12:45:page-loader-error:371:22 ERROR Content not found
2023-01-02 17:12:45:page-loader-error:371:22 ERROR Content not found
2023-01-02 17:12:45:page-loader-error:371:22 ERROR Content not found
2023-01-02 17:12:45:page-loader-error:371:22 ERROR Content not found
2023-01-02 17:12:45:page-loader-error:371:22 ERROR Content not found
2023-01-02 17:12:45:page-loader-error:371:28 ERROR Content wasn't downloaded as it's on a different host
2023-01-02 17:12:45:page-loader-error:371:28 ERROR Content wasn't downloaded as it's on a different host
2023-01-02 17:12:45:page-loader-error:371:28 ERROR Content wasn't downloaded as it's on a different host
2023-01-02 17:12:45:page-loader-error:371:28 ERROR Content wasn't downloaded as it's on a different host
2023-01-02 17:12:45:page-loader-error:371:28 ERROR Content wasn't downloaded as it's on a different host
2023-01-02 17:12:45:page-loader-error:371:33 ERROR [Errno 2] No such file or directory: '/mnt/c/Users/verav/git/ru-hexlet-io-courses.html'
2023-01-02 17:13:01:page-loader-error:376:28 ERROR Content wasn't downloaded as it's on a different host
2023-01-02 17:13:01:page-loader-error:376:28 ERROR Content wasn't downloaded as it's on a different host
2023-01-02 17:13:01:page-loader-error:376:28 ERROR Content wasn't downloaded as it's on a different host
2023-01-02 17:13:01:page-loader-error:376:28 ERROR Content wasn't downloaded as it's on a different host
2023-01-02 17:13:01:page-loader-error:376:22 ERROR Content not found
2023-01-02 17:13:01:page-loader-error:376:22 ERROR Content not found
2023-01-02 17:13:01:page-loader-error:376:22 ERROR Content not found
2023-01-02 17:13:01:page-loader-error:376:22 ERROR Content not found
2023-01-02 17:13:01:page-loader-error:376:22 ERROR Content not found
2023-01-02 17:13:01:page-loader-error:376:22 ERROR Content not found
2023-01-02 17:13:01:page-loader-error:376:22 ERROR Content not found
2023-01-02 17:13:01:page-loader-error:376:28 ERROR Content wasn't downloaded as it's on a different host
2023-01-02 17:13:01:page-loader-error:376:28 ERROR Content wasn't downloaded as it's on a different host
2023-01-02 17:13:01:page-loader-error:376:28 ERROR Content wasn't downloaded as it's on a different host
2023-01-02 17:13:01:page-loader-error:376:28 ERROR Content wasn't downloaded as it's on a different host
2023-01-02 17:13:01:page-loader-error:376:28 ERROR Content wasn't downloaded as it's on a different host
2023-01-02 17:13:06:page-loader-error:381:14 ERROR 404 Client Error: Not Found for url: https://ru.hexlet.io/course
2023-01-08 18:51:59:page-loader-error:4327:14 ERROR 
2023-01-08 18:51:59:page-loader-error:4327:29 ERROR [Errno 13] Permission denied: '/tmp/tmph30wxwuk/ru-hexlet-io.html'
2023-01-08 18:51:59:page-loader-error:4327:33 ERROR [Errno 2] No such file or directory: 'not_file/ru-hexlet-io.html'
2023-01-08 18:54:07:page-loader-error:4340:28 ERROR Content wasn't downloadedas it's on a different host
2023-01-08 18:54:07:page-loader-error:4340:28 ERROR Content wasn't downloadedas it's on a different host
2023-01-08 18:54:07:page-loader-error:4340:22 ERROR Content not found
2023-01-08 18:54:07:page-loader-error:4340:14 ERROR 
2023-01-08 18:54:07:page-loader-error:4340:29 ERROR [Errno 13] Permission denied: '/tmp/tmp_qrhkc21/ru-hexlet-io.html'
2023-01-08 18:54:07:page-loader-error:4340:33 ERROR [Errno 2] No such file or directory: 'not_file/ru-hexlet-io.html'
2023-01-08 18:56:52:page-loader-error:4371:28 ERROR Content wasn't downloadedas it's on a different host
2023-01-08 18:56:52:page-loader-error:4371:28 ERROR Content wasn't downloadedas it's on a different host
2023-01-08 18:56:52:page-loader-error:4371:22 ERROR Content not found
2023-01-08 18:56:52:page-loader-error:4371:14 ERROR 
2023-01-08 18:56:52:page-loader-error:4371:29 ERROR [Errno 13] Permission denied: '/tmp/tmp5mbg9kxf/ru-hexlet-io.html'
2023-01-08 18:56:52:page-loader-error:4371:33 ERROR [Errno 2] No such file or directory: 'not_file/ru-hexlet-io.html'
2023-01-08 18:58:07:page-loader-error:4382:28 ERROR Content wasn't downloadedas it's on a different host
2023-01-08 18:58:07:page-loader-error:4382:28 ERROR Content wasn't downloadedas it's on a different host
2023-01-08 18:58:07:page-loader-error:4382:22 ERROR Content not found
2023-01-08 18:58:09:page-loader-error:4382:28 ERROR Content wasn't downloadedas it's on a different host
2023-01-08 18:58:09:page-loader-error:4382:28 ERROR Content wasn't downloadedas it's on a different host
2023-01-08 18:58:09:page-loader-error:4382:22 ERROR Content not found
2023-01-08 18:58:09:page-loader-error:4382:14 ERROR 
2023-01-08 18:58:09:page-loader-error:4382:29 ERROR [Errno 13] Permission denied: '/tmp/tmprsv7cv_d/ru-hexlet-io.html'
2023-01-08 18:58:09:page-loader-error:4382:33 ERROR [Errno 2] No such file or directory: 'not_file/ru-hexlet-io.html'
2023-01-08 19:01:43:page-loader-error:4398:28 ERROR Content wasn't downloaded as it's on a different host
2023-01-08 19:01:43:page-loader-error:4398:28 ERROR Content wasn't downloaded as it's on a different host
2023-01-08 19:01:43:page-loader-error:4398:22 ERROR Content not found
2023-01-08 19:01:45:page-loader-error:4398:28 ERROR Content wasn't downloaded as it's on a different host
2023-01-08 19:01:45:page-loader-error:4398:28 ERROR Content wasn't downloaded as it's on a different host
2023-01-08 19:01:45:page-loader-error:4398:22 ERROR Content not found
2023-01-08 19:01:45:page-loader-error:4398:14 ERROR 
2023-01-08 19:01:45:page-loader-error:4398:29 ERROR [Errno 13] Permission denied: '/tmp/tmpmlydcirk/ru-hexlet-io.html'
2023-01-08 19:01:45:page-loader-error:4398:33 ERROR [Errno 2] No such file or directory: 'not_file/ru-hexlet-io.html'
2023-01-08 19:02:53:page-loader-error:4409:28 ERROR Content wasn't downloaded as it's on a different host
2023-01-08 19:02:53:page-loader-error:4409:28 ERROR Content wasn't downloaded as it's on a different host
2023-01-08 19:02:53:page-loader-error:4409:28 ERROR Content wasn't downloaded as it's on a different host
2023-01-08 19:02:53:page-loader-error:4409:22 ERROR Content not found
2023-01-08 19:02:53:page-loader-error:4409:22 ERROR Content not found
2023-01-08 19:02:53:page-loader-error:4409:22 ERROR Content not found
2023-01-08 19:02:53:page-loader-error:4409:22 ERROR Content not found
2023-01-08 19:02:53:page-loader-error:4409:22 ERROR Content not found
2023-01-08 19:02:53:page-loader-error:4409:22 ERROR Content not found
2023-01-08 19:02:53:page-loader-error:4409:22 ERROR Content not found
2023-01-08 19:02:53:page-loader-error:4409:28 ERROR Content wasn't downloaded as it's on a different host
2023-01-08 19:02:53:page-loader-error:4409:28 ERROR Content wasn't downloaded as it's on a different host
2023-01-08 19:02:53:page-loader-error:4409:28 ERROR Content wasn't downloaded as it's on a different host
2023-01-08 19:02:53:page-loader-error:4409:28 ERROR Content wasn't downloaded as it's on a different host
2023-01-08 19:02:53:page-loader-error:4409:28 ERROR Content wasn't downloaded as it's on a different host
2023-01-08 19:02:53:page-loader-error:4409:28 ERROR Content wasn't downloaded as it's on a different host
2023-01-08 19:02:53:page-loader-error:4409:28 ERROR Content wasn't downloaded as it's on a different host
2023-01-08 19:02:53:page-loader-error:4409:28 ERROR Content wasn't downloaded as it's on a different host
2023-01-08 19:02:53:page-loader-error:4409:28 ERROR Content wasn't downloaded as it's on a different host
2023-01-08 19:02:53:page-loader-error:4409:28 ERROR Content wasn't downloaded as it's on a different host
2023-01-08 19:02:53:page-loader-error:4409:28 ERROR Content wasn't downloaded as it's on a different host
2023-01-08 19:02:53:page-loader-error:4409:28 ERROR Content wasn't downloaded as it's on a different host
2023-01-08 19:02:53:page-loader-error:4409:28 ERROR Content wasn't downloaded as it's on a different host
2023-01-08 19:02:53:page-loader-error:4409:28 ERROR Content wasn't downloaded as it's on a different host
2023-01-08 19:02:53:page-loader-error:4409:28 ERROR Content wasn't downloaded as it's on a different host
2023-01-08 19:02:53:page-loader-error:4409:28 ERROR Content wasn't downloaded as it's on a different host
2023-01-08 19:02:53:page-loader-error:4409:28 ERROR Content wasn't downloaded as it's on a different host
2023-01-08 19:02:53:page-loader-error:4409:28 ERROR Content wasn't downloaded as it's on a different host
2023-01-08 19:02:53:page-loader-error:4409:28 ERROR Content wasn't downloaded as it's on a different host
2023-01-08 19:02:53:page-loader-error:4409:28 ERROR Content wasn't downloaded as it's on a different host
2023-01-08 19:02:53:page-loader-error:4409:28 ERROR Content wasn't downloaded as it's on a different host
2023-01-08 19:02:53:page-loader-error:4409:28 ERROR Content wasn't downloaded as it's on a different host
2023-01-08 19:02:53:page-loader-error:4409:28 ERROR Content wasn't downloaded as it's on a different host
2023-01-08 19:02:53:page-loader-error:4409:28 ERROR Content wasn't downloaded as it's on a different host
2023-01-08 19:02:53:page-loader-error:4409:28 ERROR Content wasn't downloaded as it's on a different host
2023-01-08 19:02:53:page-loader-error:4409:28 ERROR Content wasn't downloaded as it's on a different host
2023-01-08 19:02:53:page-loader-error:4409:28 ERROR Content wasn't downloaded as it's on a different host
2023-01-08 19:02:53:page-loader-error:4409:28 ERROR Content wasn't downloaded as it's on a different host
2023-01-08 19:02:53:page-loader-error:4409:28 ERROR Content wasn't downloaded as it's on a different host
2023-01-08 19:02:53:page-loader-error:4409:28 ERROR Content wasn't downloaded as it's on a different host
2023-01-08 19:02:53:page-loader-error:4409:28 ERROR Content wasn't downloaded as it's on a different host
2023-01-08 19:02:53:page-loader-error:4409:28 ERROR Content wasn't downloaded as it's on a different host
2023-01-08 19:02:53:page-loader-error:4409:28 ERROR Content wasn't downloaded as it's on a different host
2023-01-08 19:02:53:page-loader-error:4409:28 ERROR Content wasn't downloaded as it's on a different host
2023-01-08 19:02:53:page-loader-error:4409:28 ERROR Content wasn't downloaded as it's on a different host
2023-01-08 19:02:53:page-loader-error:4409:28 ERROR Content wasn't downloaded as it's on a different host
2023-01-08 19:02:53:page-loader-error:4409:28 ERROR Content wasn't downloaded as it's on a different host
2023-01-08 19:02:53:page-loader-error:4409:28 ERROR Content wasn't downloaded as it's on a different host
2023-01-08 19:02:53:page-loader-error:4409:28 ERROR Content wasn't downloaded as it's on a different host
2023-01-08 19:02:53:page-loader-error:4409:28 ERROR Content wasn't downloaded as it's on a different host
2023-01-08 19:02:53:page-loader-error:4409:28 ERROR Content wasn't downloaded as it's on a different host
2023-01-08 19:02:53:page-loader-error:4409:28 ERROR Content wasn't downloaded as it's on a different host
2023-01-08 19:02:53:page-loader-error:4409:28 ERROR Content wasn't downloaded as it's on a different host
2023-01-08 19:02:53:page-loader-error:4409:28 ERROR Content wasn't downloaded as it's on a different host
2023-01-08 19:02:53:page-loader-error:4409:28 ERROR Content wasn't downloaded as it's on a different host
2023-01-08 19:02:53:page-loader-error:4409:28 ERROR Content wasn't downloaded as it's on a different host
2023-01-08 19:02:53:page-loader-error:4409:28 ERROR Content wasn't downloaded as it's on a different host
2023-01-08 19:02:53:page-loader-error:4409:28 ERROR Content wasn't downloaded as it's on a different host
2023-01-08 19:02:53:page-loader-error:4409:28 ERROR Content wasn't downloaded as it's on a different host
2023-01-08 19:02:53:page-loader-error:4409:28 ERROR Content wasn't downloaded as it's on a different host
2023-01-08 19:02:53:page-loader-error:4409:28 ERROR Content wasn't downloaded as it's on a different host
2023-01-08 19:02:53:page-loader-error:4409:28 ERROR Content wasn't downloaded as it's on a different host
2023-01-08 19:02:53:page-loader-error:4409:28 ERROR Content wasn't downloaded as it's on a different host
2023-01-08 19:02:53:page-loader-error:4409:28 ERROR Content wasn't downloaded as it's on a different host
2023-01-08 19:02:53:page-loader-error:4409:28 ERROR Content wasn't downloaded as it's on a different host
2023-01-08 19:02:53:page-loader-error:4409:28 ERROR Content wasn't downloaded as it's on a different host
2023-01-08 19:04:49:page-loader-error:4419:28 ERROR Content wasn't downloaded as it's on a different host
2023-01-08 19:04:49:page-loader-error:4419:28 ERROR Content wasn't downloaded as it's on a different host
2023-01-08 19:04:49:page-loader-error:4419:22 ERROR Content not found
2023-01-08 19:04:51:page-loader-error:4419:28 ERROR Content wasn't downloaded as it's on a different host
2023-01-08 19:04:51:page-loader-error:4419:28 ERROR Content wasn't downloaded as it's on a different host
2023-01-08 19:04:51:page-loader-error:4419:22 ERROR Content not found
2023-01-08 19:04:51:page-loader-error:4419:14 ERROR 
2023-01-08 19:04:51:page-loader-error:4419:29 ERROR [Errno 13] Permission denied: '/tmp/tmpx6zeefc6/ru-hexlet-io.html'
2023-01-08 19:04:51:page-loader-error:4419:33 ERROR [Errno 2] No such file or directory: 'not_file/ru-hexlet-io.html'
2023-01-08 19:18:43:page-loader-error:4455:28 ERROR Content wasn't downloaded as it's on a different host
2023-01-08 19:18:43:page-loader-error:4455:28 ERROR Content wasn't downloaded as it's on a different host
2023-01-08 19:18:43:page-loader-error:4455:22 ERROR Content not found
2023-01-08 19:18:43:page-loader-error:4455:14 ERROR 
2023-01-08 19:18:43:page-loader-error:4455:29 ERROR [Errno 13] Permission denied: '/tmp/tmpryouwqbk/ru-hexlet-io.html'
2023-01-08 19:18:43:page-loader-error:4455:33 ERROR [Errno 2] No such file or directory: 'not_file/ru-hexlet-io.html'
2023-01-08 19:19:43:page-loader-error:4466:28 ERROR Content wasn't downloaded as it's on a different host
2023-01-08 19:19:43:page-loader-error:4466:28 ERROR Content wasn't downloaded as it's on a different host
2023-01-08 19:19:43:page-loader-error:4466:22 ERROR Content not found
2023-01-08 19:19:43:page-loader-error:4466:14 ERROR 
2023-01-08 19:19:43:page-loader-error:4466:29 ERROR [Errno 13] Permission denied: '/tmp/tmpvii116z2/ru-hexlet-io.html'
2023-01-08 19:19:43:page-loader-error:4466:33 ERROR [Errno 2] No such file or directory: 'not_file/ru-hexlet-io.html'
2023-01-08 19:22:27:page-loader-error:4481:28 ERROR Content wasn't downloaded as it's on a different host
2023-01-08 19:22:27:page-loader-error:4481:28 ERROR Content wasn't downloaded as it's on a different host
2023-01-08 19:22:27:page-loader-error:4481:22 ERROR Content not found
2023-01-08 19:22:27:page-loader-error:4481:28 ERROR Content wasn't downloaded as it's on a different host
2023-01-08 19:22:27:page-loader-error:4481:28 ERROR Content wasn't downloaded as it's on a different host
2023-01-08 19:22:27:page-loader-error:4481:22 ERROR Content not found
2023-01-08 19:22:27:page-loader-error:4481:14 ERROR 
2023-01-08 19:22:27:page-loader-error:4481:29 ERROR [Errno 13] Permission denied: '/tmp/tmphymaxcyw/ru-hexlet-io.html'
2023-01-08 19:22:27:page-loader-error:4481:33 ERROR [Errno 2] No such file or directory: 'not_file/ru-hexlet-io.html'
